[INFO]:  Logger initialized.
[INFO]:  Loading engine settings...
[INFO]:  Initializing platform...
[INFO]:  Initializing input...
[INFO]:  Creating vulkan instance...
[DEBUG]: Creating vulkan debugger...
[INFO]:  Creating vulkan surface...
[INFO]:  Selecting physical device...
[TRACE]: Evaluating device: Quadro T2000 with Max-Q Design, index 0.
[TRACE]: Graphics | Present | Compute | Transfer | Name
[TRACE]:        true |       true |       true |        true | Quadro T2000 with Max-Q Design
[TRACE]: Device meets queue requirements.
[TRACE]: Graphics Family Index: 0
[TRACE]: Present Family Index:  0
[TRACE]: Transfer Family Index: 1
[TRACE]: Compute Family Index:  2
[INFO]:  Creating logical device...
[INFO]:  Loading layer library C:\VulkanSDK\1.3.211.0\Bin\.\VkLayer_khronos_validation.dll
[INFO]:  Inserted device layer VK_LAYER_KHRONOS_validation (C:\VulkanSDK\1.3.211.0\Bin\.\VkLayer_khronos_validation.dll)
[INFO]:  Loading layer library C:\ProgramData\obs-studio-hook\.\graphics-hook64.dll
[INFO]:  Inserted device layer VK_LAYER_OBS_HOOK (C:\ProgramData\obs-studio-hook\.\graphics-hook64.dll)
[INFO]:  Loading layer library C:\WINDOWS\System32\DriverStore\FileRepository\nvltwi.inf_amd64_313e59331a960143\.\nvoglv64.dll
[INFO]:  Inserted device layer VK_LAYER_NV_optimus (C:\WINDOWS\System32\DriverStore\FileRepository\nvltwi.inf_amd64_313e59331a960143\.\nvoglv64.dll)
[INFO]:  Creating vulkan swapchain...
[INFO]:  Creating texture 'vulkanSwapchainImage' from internal data...
[INFO]:  Creating texture 'vulkanSwapchainImage' from internal data...
[INFO]:  Creating texture 'vulkanSwapchainImage' from internal data...
[INFO]:  Creating texture 'defaultDepthTexture' from internal data...
[INFO]:  Creating vulkan command buffers...
[INFO]:  Creating vulkan buffers...
[INFO]:  Loading texture 'Default.bmp'...
[INFO]:  Loading texture 'DefaultDiffuse.bmp'...
[INFO]:  Loading texture 'DefaultSpecular.bmp'...
[INFO]:  Loading texture 'DefaultNormal.bmp'...
[INFO]:  Loading shader 'Material.shd'...
[INFO]:  Loading renderpass 'Material.rnp'...
[INFO]:  Loading material 'Default.mat'...
[INFO]:  Loading material 'Background.mat'...
[INFO]:  Loading shader 'Background.shd'...
[INFO]:  Loading renderpass 'Background.rnp'...
[INFO]:  Loading texture '11dirt_block.bmp'...
[INFO]:  Loading material 'Tile.mat'...
[INFO]:  Loading shader 'Tile.shd'...
[INFO]:  Loading renderpass 'Tile.rnp'...
[INFO]:  Loading binary 'shaders/Background.vert.spv'...
[INFO]:  Loading binary 'shaders/Background.frag.spv'...
[INFO]:  Loading binary 'shaders/Tile.vert.spv'...
[INFO]:  Loading binary 'shaders/Tile.frag.spv'...
[INFO]:  Loading binary 'shaders/Material.vert.spv'...
[INFO]:  Loading binary 'shaders/Material.frag.spv'...
[DEBUG]: System memory use (tagged):
TOTAL      : 180.39356KB
UNKNOWN    : 0.00000B
DATA_STRUCT: 5.09375KB
STRING     : 1.02636KB
APPLICATION: 0.00000B
JOB        : 0.00000B
MAT_INST   : 0.00000B
RENDERER   : 2.35937KB
GAME       : 0.00000B
TRANSFORM  : 0.00000B
ENTITY     : 0.00000B
RESOURCE   : 171.91406KB
allocCount: 1741
deallocCount: 1521
[INFO]:  Creating mesh 'Mesh'...
[INFO]:  Destroying vulkan swapchain...
[INFO]:  Creating vulkan swapchain...
[INFO]:  Creating texture 'defaultDepthTexture' from internal data...
[INFO]:  Creating vulkan command buffers...
[INFO]:  Resized, booting.
[INFO]:  Destroying vulkan buffers...
[INFO]:  Destroying vulkan sync objects...
[INFO]:  Destroying vulkan commandbuffers...
[INFO]:  Destroying vulkan swapchain...
[INFO]:  Destroying vulkan command pools...
[INFO]:  Destroying vulkan logical device...
[INFO]:  Unloading layer library C:\WINDOWS\System32\DriverStore\FileRepository\nvltwi.inf_amd64_313e59331a960143\.\nvoglv64.dll
[INFO]:  Unloading layer library C:\ProgramData\obs-studio-hook\.\graphics-hook64.dll
[INFO]:  Unloading layer library C:\VulkanSDK\1.3.211.0\Bin\.\VkLayer_khronos_validation.dll
[INFO]:  Releasing physical device resources...
