[INFO]:  Logger initialized.
[INFO]:  Loading engine settings...
[INFO]:  Initializing platform...
[INFO]:  Initializing input...
[INFO]:  Creating vulkan instance...
[DEBUG]: Creating vulkan debugger...
[INFO]:  Creating vulkan surface...
[INFO]:  Selecting physical device...
[INFO]:  Creating logical device...
[INFO]:  Loading layer library M:\VulkanSDK\Bin\.\VkLayer_khronos_validation.dll
[INFO]:  Inserted device layer VK_LAYER_KHRONOS_validation (M:\VulkanSDK\Bin\.\VkLayer_khronos_validation.dll)
[INFO]:  Loading layer library C:\ProgramData\obs-studio-hook\.\graphics-hook64.dll
[INFO]:  Inserted device layer VK_LAYER_OBS_HOOK (C:\ProgramData\obs-studio-hook\.\graphics-hook64.dll)
[INFO]:  Loading layer library C:\WINDOWS\System32\DriverStore\FileRepository\nv_dispig.inf_amd64_647b4244e991951b\.\nvoglv64.dll
[INFO]:  Inserted device layer VK_LAYER_NV_optimus (C:\WINDOWS\System32\DriverStore\FileRepository\nv_dispig.inf_amd64_647b4244e991951b\.\nvoglv64.dll)
[INFO]:  Creating vulkan swapchain...
[INFO]:  Creating texture 'vulkanSwapchainImage' from internal data...
[INFO]:  Creating texture 'vulkanSwapchainImage' from internal data...
[INFO]:  Creating texture 'vulkanSwapchainImage' from internal data...
[INFO]:  Creating texture 'defaultDepthTexture' from internal data...
[INFO]:  Creating vulkan command buffers...
[INFO]:  Creating vulkan buffers...
[INFO]:  Loading texture 'Default.bmp'...
[INFO]:  Loading texture 'DefaultDiffuse.bmp'...
[INFO]:  Loading texture 'DefaultSpecular.bmp'...
[INFO]:  Loading texture 'DefaultNormal.bmp'...
[INFO]:  Loading shader 'Material.shd'...
[INFO]:  Loading renderpass 'Material.rnp'...
[INFO]:  Loading material 'Default.mat'...
[INFO]:  Loading material 'Background.mat'...
[INFO]:  Loading shader 'Background.shd'...
[INFO]:  Loading renderpass 'Background.rnp'...
[INFO]:  Loading texture '11dirt_block.bmp'...
[INFO]:  Loading material 'Tile.mat'...
[INFO]:  Loading shader 'Tile.shd'...
[INFO]:  Loading renderpass 'Tile.rnp'...
[INFO]:  Loading binary 'shaders/Background.vert.spv'...
[INFO]:  Loading binary 'shaders/Background.frag.spv'...
[INFO]:  Loading binary 'shaders/Tile.vert.spv'...
[INFO]:  Loading binary 'shaders/Tile.frag.spv'...
[INFO]:  Loading binary 'shaders/Material.vert.spv'...
[INFO]:  Loading binary 'shaders/Material.frag.spv'...
[DEBUG]: 46
[INFO]:  Creating mesh 'Mesh'...
[DEBUG]: System memory use (tagged):
TOTAL      : 181.01368KB
UNKNOWN    : 0.00000B
DATA_STRUCT: 5.40625KB
STRING     : 1.04492KB
RENDERER   : 2.56250KB
RESOURCE   : 172.00000KB
allocCount: 1704
deallocCount: 1473
[INFO]:  Destroying vulkan buffers...
[INFO]:  Destroying vulkan sync objects...
[INFO]:  Destroying vulkan commandbuffers...
[INFO]:  Destroying vulkan swapchain...
[INFO]:  Destroying vulkan command pools...
[INFO]:  Destroying vulkan logical device...
[INFO]:  Unloading layer library C:\WINDOWS\System32\DriverStore\FileRepository\nv_dispig.inf_amd64_647b4244e991951b\.\nvoglv64.dll
[INFO]:  Unloading layer library C:\ProgramData\obs-studio-hook\.\graphics-hook64.dll
[INFO]:  Unloading layer library M:\VulkanSDK\Bin\.\VkLayer_khronos_validation.dll
[INFO]:  Releasing physical device resources...
