make.exe all --print-data-base --no-builtin-variables --no-builtin-rules --question
# GNU Make 3.81
# Copyright (C) 2006  Free Software Foundation, Inc.
# This is free software; see the source for copying conditions.
# There is NO warranty; not even for MERCHANTABILITY or FITNESS FOR A
# PARTICULAR PURPOSE.

# This program built for i386-pc-mingw32
 

# Make data base, printed on Fri Jul 01 11:26:05 2022

# Variables

# automatic
<D = $(patsubst %/,%,$(dir $<))
# automatic
?F = $(notdir $?)
# makefile
MAKEFLAGS = Rrqp
# environment
VSCODE_LOG_NATIVE = false
# automatic
?D = $(patsubst %/,%,$(dir $?))
# automatic
@D = $(patsubst %/,%,$(dir $@))
# environment
HOMEDRIVE = C:
# automatic
@F = $(notdir $@)
# automatic
^D = $(patsubst %/,%,$(dir $^))
# makefile
CURDIR := m:/Nihility
# default
SHELL := sh.exe
# environment
WINDIR = C:\WINDOWS
# environment
VSC 
ODE_NLS_CONFIG = {"locale":"en-us","availableLanguages":{},"_languagePackSupport":true}
# environment
ONEDRIVE = C:\Users\Peterson Family\OneDrive
# environment
PATHEXT = .COM;.EXE;.BAT;.CMD;.VBS;.VBE;.JS;.JSE;.WSF;.WSH;.MSC
# makefile
MAKEFILE_LIST := 
# environment
FPS_BROWSER_USER_PROFILE_STRING = Default
# environment
TMP = C:\Users\PETERS~1\AppData\Local\Temp
# environment
VSCODE_VERBOSE_LOGGING = true
# environment
PROGRAMW6432 = C:\Program Files
# environment
PROGRAMDATA = C:\ProgramData
# environmen 
t
VSCODE_IPC_HOOK_EXTHOST = \\.\pipe\vscode-ipc-66771f04-c0b3-4564-b2b2-828ccbd07bb3-sock
# environment
VSCODE_CWD = M:\VSCODE
# environment
PATH = M:\VulkanSDK\Bin;C:\Program Files (x86)\Common Files\Oracle\Java\javapath;C:\ProgramData\Oracle\Java\javapath;C:\Program Files (x86)\Intel\iCLS Client\;C:\Program Files\Intel\iCLS Client\;C:\Windows\system32;C:\Windows;C:\Windows\System32\Wbem;C:\Windows\System32\WindowsPowerShell\v1.0\;C:\Program Files (x86)\Intel\Intel(R) Management Engine Components\DAL;C:\Pr 
ogram Files\Intel\Intel(R) Management Engine Components\DAL;C:\Program Files (x86)\Intel\Intel(R) Management Engine Components\IPT;C:\Program Files\Intel\Intel(R) Management Engine Components\IPT;C:\WINDOWS\system32;C:\WINDOWS;C:\WINDOWS\System32\Wbem;C:\WINDOWS\System32\WindowsPowerShell\v1.0\;C:\Program Files\Intel\WiFi\bin\;C:\Program Files\Common Files\Intel\WirelessCommon\;C:\WINDOWS\System32\OpenSSH\;C:\Gradle\gradle-5.1.1\bin;C:\Program Files\Java\jdk-12.0.1\bin;C:\Program Files\Microsoft SQL Server\Client SDK\ODBC\170\Tools\Binn\;C:\Program Files (x86)\Microsoft SQL Server\150\Tools\Binn\;C:\Program Files\Microsoft SQL Server\150\Tools\Binn\;C:\Program Files\Microsoft SQL Server\150\DTS\Binn\;C:\Program Files (x86)\NVIDIA Corporation\PhysX\Common;C:\WINDOWS\system32;C:\WINDOWS;C:\WINDOWS\System32\Wbem;C:\WINDOWS\System32\WindowsPowerShell\v1.0\;C:\WINDOWS\System32\OpenSSH\;G:\Git\cmd;M:\GnuWin32\bin;C:\Program Files (x86)\Windows Kits\10\Windows Performance Toolkit\;C:\Program Files\Intel\WiFi\bin\;C: 
\Program Files\Common Files\Intel\WirelessCommon\;C:\Users\Peterson Family\AppData\Local\Microsoft\WindowsApps;C:\Users\Peterson Family\.dotnet\tools;C:\Users\Peterson Family\AppData\Local\Microsoft\WindowsApps;G:\LLVM\bin;M:\VSCODE\bin;C:\Users\Peterson Family\spicetify-cli
# environment
COMMONPROGRAMW6432 = C:\Program Files\Common Files
# environment
PROCESSOR_ARCHITECTURE = x86
# environment
USERPROFILE = C:\Users\Peterson Family
# environment
ALLUSERSPROFILE = C:\ProgramData
# environment
VSCODE_LOG_STA 
CK = false
# environment
NUMBER_OF_PROCESSORS = 4
# environment
ELECTRON_RUN_AS_NODE = 1
# default
.FEATURES := target-specific order-only second-expansion else-if archives
# environment
VK_SDK_PATH = M:\VulkanSDK
# automatic
%F = $(notdir $%)
# environment
CHROME_CRASHPAD_PIPE_NAME = \\.\pipe\crashpad_3092_FLLVJASVJIIABQBM
# environment
_JAVA_OPTIONS = -Xmx1024M
# environment
VSCODE_PIPE_LOGGING = true
# environment
COMPUTERNAME = VACUUMTUBE
# environment
GOOGLE_API_KEY = no
# environment
PROGRAMFILES = C: 
\Program Files (x86)
# environment
DRIVERDATA = C:\Windows\System32\Drivers\DriverData
# environment
ORIGINAL_XDG_CURRENT_DESKTOP = undefined
# environment
USERNAME = Zach
# environment
PUBLIC = C:\Users\Public
# environment
VSCODE_AMD_ENTRYPOINT = vs/workbench/api/node/extensionHostProcess
# environment
GOOGLE_DEFAULT_CLIENT_ID = no
# environment
VSCODE_CODE_CACHE_PATH = C:\Users\Peterson Family\AppData\Roaming\Code\CachedData\30d9c6cd9483b2cc586687151bcbcd635f373630
# environment
APPLICATION_INSIGHTS_NO_D 
IAGNOSTIC_CHANNEL = true
# environment
COMMONPROGRAMFILES = C:\Program Files (x86)\Common Files
# environment
LOGONSERVER = \\VACUUMTUBE
# environment
ONEDRIVECONSUMER = C:\Users\Peterson Family\OneDrive
# environment
VSCODE_HANDLES_UNCAUGHT_ERRORS = true
# environment
USERDOMAIN = VACUUMTUBE
# default
MAKE = $(MAKE_COMMAND)
# default
MAKECMDGOALS := all
# default
MAKE_VERSION := 3.81
# makefile
.DEFAULT_GOAL := 
# environment
GOOGLE_DEFAULT_CLIENT_SECRET = no
# environment
PROGRAMFILES(X86) = C:\Program Fi 
les (x86)
# automatic
%D = $(patsubst %/,%,$(dir $%))
# environment
LOCALAPPDATA = C:\Users\Peterson Family\AppData\Local
# environment
PSMODULEPATH = C:\Program Files\WindowsPowerShell\Modules;C:\WINDOWS\system32\WindowsPowerShell\v1.0\Modules;C:\Program Files (x86)\Microsoft SQL Server\150\Tools\PowerShell\Modules\
# default
MAKE_COMMAND := make.exe
# environment
PROCESSOR_ARCHITEW6432 = AMD64
# default
.VARIABLES := 
# automatic
*F = $(notdir $*)
# environment
PROCESSOR_IDENTIFIER = Intel64 Family 6 Mode 
l 94 Stepping 3, GenuineIntel
# environment
OS = Windows_NT
# environment
VSCODE_IPC_HOOK = \\.\pipe\7af6d82d65629a80fb8c2855e3955183-1.68.1-main-sock
# environment
HOMEPATH = \Users\Peterson Family
# environment
COMMONPROGRAMFILES(X86) = C:\Program Files (x86)\Common Files
# environment
PROMPT = $P$G
# environment
MFLAGS = -Rrqp
# automatic
*D = $(patsubst %/,%,$(dir $*))
# environment
SYSTEMROOT = C:\WINDOWS
# automatic
+D = $(patsubst %/,%,$(dir $+))
# automatic
+F = $(notdir $+)
# environment
APPDATA =  
C:\Users\Peterson Family\AppData\Roaming
# environment
TEMP = C:\Users\PETERS~1\AppData\Local\Temp
# environment
COMSPEC = C:\WINDOWS\system32\cmd.exe
# default
MAKEFILES := 
# automatic
<F = $(notdir $<)
# environment
LC_ALL = C
# automatic
^F = $(notdir $^)
# default
SUFFIXES := 
# environment
SYSTEMDRIVE = C:
# environment
SESSIONNAME = Console
# environment
PROCESSOR_REVISION = 5e03
# environment
MAKELEVEL := 0
# environment
VULKAN_SDK = M:\VulkanSDK
# environment
CLANG = G:\LLVM\bin
# environment
PROCE 
SSOR_LEVEL = 6
# environment
FPS_BROWSER_APP_PROFILE_STRING = Internet Explorer
# environment
VSCODE_PID = 3092
# environment
USERDOMAIN_ROAMINGPROFILE = VACUUMTUBE
# environment
LANG = C
# variable set hash-table stats:
# Load=96/1024=9%, Rehash=0, Collisions=10/113=9%

# Pattern-specific Variable Values

# No pattern-specific variable values.

# Directories

# C:\Program Files\Intel\iCLS Client\ (key C:/Program Files/Intel/iCLS Client/, mtime 1483201369): 22 files, no impossibilities.
# M:\VulkanSDK\Bin ( 
key M:/VulkanSDK/Bin, mtime 1651117232): 48 files, no impossibilities.
# C:\Program Files\Microsoft SQL Server\150\Tools\Binn\: could not be stat'd.
# C:\Windows\System32\WindowsPowerShell\v1.0\ (key C:/Windows/System32/WindowsPowerShell/v1.0/, mtime 1621220586): 32 files, no impossibilities.
# C:\Windows\System32\Wbem (key C:/Windows/System32/Wbem, mtime 1655445710): 155 files, no impossibilities.
# . (key m:/Nihility, mtime 1651424748): 26 files, no impossibilities.
# C:\Program Files (x86)\NVIDIA Corpora 
tion\PhysX\Common (key C:/Program Files (x86)/NVIDIA Corporation/PhysX/Common, mtime 1591830174): 10 files, no impossibilities.
# C:\Gradle\gradle-5.1.1\bin: could not be stat'd.
# C:\Program Files\Java\jdk-12.0.1\bin: could not be stat'd.
# M:\GnuWin32\bin (key M:/GnuWin32/bin, mtime 1651163178): 5 files, no impossibilities.
# C:\Program Files\Intel\Intel(R) Management Engine Components\IPT (key C:/Program Files/Intel/Intel(R) Management Engine Components/IPT, mtime 1483201366): 5 files, no impossibilities 
.
# C:\WINDOWS\System32\OpenSSH\: could not be stat'd.
# C:\Program Files (x86)\Common Files\Oracle\Java\javapath (key C:/Program Files (x86)/Common Files/Oracle/Java/javapath, mtime 1589245179): 5 files, no impossibilities.
# C:\Program Files\Intel\Intel(R) Management Engine Components\DAL (key C:/Program Files/Intel/Intel(R) Management Engine Components/DAL, mtime 1483201366): 4 files, no impossibilities.
# C:\Windows (key C:/Windows, mtime 1655445708): 115 files, no impossibilities.
# C:\ProgramData\Orac 
le\Java\javapath (key C:/ProgramData/Oracle/Java/javapath, mtime 1531089184): 5 files, no impossibilities.
# C:\Users\Peterson Family\spicetify-cli (key C:/Users/Peterson Family/spicetify-cli, mtime 1652929104): 9 files, no impossibilities.
# M:\VSCODE\bin (key M:/VSCODE/bin, mtime 1655317504): 4 files, no impossibilities.
# C:\Program Files (x86)\Microsoft SQL Server\150\Tools\Binn\ (key C:/Program Files (x86)/Microsoft SQL Server/150/Tools/Binn/, mtime 1584384519): 11 files, no impossibilities.
# C:\Progr 
am Files\Microsoft SQL Server\Client SDK\ODBC\170\Tools\Binn\: could not be stat'd.
# C:\Program Files\Intel\WiFi\bin\ (key C:/Program Files/Intel/WiFi/bin/, mtime 1490403394): 38 files, no impossibilities.
# C:\Program Files\Common Files\Intel\WirelessCommon\ (key C:/Program Files/Common Files/Intel/WirelessCommon/, mtime 1490403394): 7 files, no impossibilities.
# C:\Program Files\Microsoft SQL Server\150\DTS\Binn\: could not be stat'd.
# C:\Users\Peterson Family\.dotnet\tools: could not be stat'd.
# C:\P 
rogram Files (x86)\Windows Kits\10\Windows Performance Toolkit\ (key C:/Program Files (x86)/Windows Kits/10/Windows Performance Toolkit/, mtime 1656372658): 406 files, no impossibilities.
# C:\Program Files (x86)\Intel\iCLS Client\ (key C:/Program Files (x86)/Intel/iCLS Client/, mtime 1483201370): 20 files, no impossibilities.
# C:\Windows\system32 (key C:/Windows/system32, mtime 1656630188): 3100 files, no impossibilities.
# G:\LLVM\bin (key G:/LLVM/bin, mtime 1650936210): 109 files, no impossibilities.
#  
C:\Program Files (x86)\Intel\Intel(R) Management Engine Components\IPT (key C:/Program Files (x86)/Intel/Intel(R) Management Engine Components/IPT, mtime 1483201366): 6 files, no impossibilities.
# C:\Users\Peterson Family\AppData\Local\Microsoft\WindowsApps (key C:/Users/Peterson Family/AppData/Local/Microsoft/WindowsApps, mtime 1655925117): 11 files, no impossibilities.
# G:\Git\cmd (key G:/Git/cmd, mtime 1633021652): 8 files, no impossibilities.
# C:\Program Files (x86)\Intel\Intel(R) Management Engine C 
omponents\DAL (key C:/Program Files (x86)/Intel/Intel(R) Management Engine Components/DAL, mtime 1483201366): 10 files, no impossibilities.

# 4171 files, no impossibilities in 32 directories.

# Implicit Rules

# No implicit rules.

# Files

# Not a target:
all:
#  Command-line target.
#  Implicit rule search has been done.
#  File does not exist.
#  File has not been updated.
# variable set hash-table stats:
# Load=0/32=0%, Rehash=0, Collisions=0/0=0%

# Not a target:
.DEFAULT:
#  Implicit rule search has 
 not been done.
#  Modification time never checked.
#  File has not been updated.

# Not a target:
makefile:
#  A default, MAKEFILES, or -include/sinclude makefile.
#  Implicit rule search has been done.
#  File does not exist.
#  File has been updated.
#  Failed to be updated.
# variable set hash-table stats:
# Load=0/32=0%, Rehash=0, Collisions=0/0=0%

# Not a target:
.SUFFIXES:
#  Implicit rule search has not been done.
#  Modification time never checked.
#  File has not been updated.

# Not a target:
GN 
Umakefile:
#  A default, MAKEFILES, or -include/sinclude makefile.
#  Implicit rule search has been done.
#  File does not exist.
#  File has been updated.
#  Failed to be updated.
# variable set hash-table stats:
# Load=0/32=0%, Rehash=0, Collisions=0/0=0%

# files hash-table stats:
# Load=5/1024=0%, Rehash=0, Collisions=0/16=0%
# VPATH Search Paths

# No `vpath' search paths.

# No general (`VPATH' variable) search path.

# # of strings in strcache: 0
# # of strcache buffers: 0
# strcache size: total = 0  
/ max = 0 / min = 4096 / avg = 0
# strcache free: total = 0 / max = 0 / min = 4096 / avg = 0

# Finished Make data base on Fri Jul 01 11:26:05 2022

 
make.exe: *** No rule to make target `all'.  Stop.

